[0.009s] Invoking command in '/home/nnimpit/ros2_tutorial/build/smartbot_cpp_examples': CMAKE_PREFIX_PATH=/opt/ros/humble CONDA_PROMPT_MODIFIER=(base) /usr/bin/cmake /home/nnimpit/ros2_tutorial/smartbot_ws/src/smartbot_cpp_examples -DCMAKE_INSTALL_PREFIX=/home/nnimpit/ros2_tutorial/install/smartbot_cpp_examples
[0.056s] -- The C compiler identification is GNU 11.4.0
[0.101s] -- The CXX compiler identification is GNU 11.4.0
[0.108s] -- Detecting C compiler ABI info
[0.176s] -- Detecting C compiler ABI info - done
[0.181s] -- Check for working C compiler: /usr/bin/cc - skipped
[0.181s] -- Detecting C compile features
[0.181s] -- Detecting C compile features - done
[0.183s] -- Detecting CXX compiler ABI info
[0.255s] -- Detecting CXX compiler ABI info - done
[0.259s] -- Check for working CXX compiler: /usr/bin/c++ - skipped
[0.260s] -- Detecting CXX compile features
[0.260s] -- Detecting CXX compile features - done
[0.263s] -- Found ament_cmake: 1.3.11 (/opt/ros/humble/share/ament_cmake/cmake)
[0.573s] -- Found Python3: /home/nnimpit/anaconda3/bin/python3 (found version "3.12.2") found components: Interpreter 
[0.644s] -- Found ament_lint_auto: 0.12.11 (/opt/ros/humble/share/ament_lint_auto/cmake)
[0.709s] -- Added test 'lint_cmake' to check CMake code style
[0.709s] -- Added test 'xmllint' to check XML markup files
[0.710s] -- Configuring done
[0.711s] -- Generating done
[0.712s] -- Build files have been written to: /home/nnimpit/ros2_tutorial/build/smartbot_cpp_examples
[0.715s] Invoked command in '/home/nnimpit/ros2_tutorial/build/smartbot_cpp_examples' returned '0': CMAKE_PREFIX_PATH=/opt/ros/humble CONDA_PROMPT_MODIFIER=(base) /usr/bin/cmake /home/nnimpit/ros2_tutorial/smartbot_ws/src/smartbot_cpp_examples -DCMAKE_INSTALL_PREFIX=/home/nnimpit/ros2_tutorial/install/smartbot_cpp_examples
[0.717s] Invoking command in '/home/nnimpit/ros2_tutorial/build/smartbot_cpp_examples': CMAKE_PREFIX_PATH=/opt/ros/humble CONDA_PROMPT_MODIFIER=(base) /usr/bin/cmake --build /home/nnimpit/ros2_tutorial/build/smartbot_cpp_examples -- -j12 -l12
[0.748s] Invoked command in '/home/nnimpit/ros2_tutorial/build/smartbot_cpp_examples' returned '0': CMAKE_PREFIX_PATH=/opt/ros/humble CONDA_PROMPT_MODIFIER=(base) /usr/bin/cmake --build /home/nnimpit/ros2_tutorial/build/smartbot_cpp_examples -- -j12 -l12
[0.757s] Invoking command in '/home/nnimpit/ros2_tutorial/build/smartbot_cpp_examples': CMAKE_PREFIX_PATH=/opt/ros/humble CONDA_PROMPT_MODIFIER=(base) /usr/bin/cmake --install /home/nnimpit/ros2_tutorial/build/smartbot_cpp_examples
[0.763s] -- Install configuration: ""
[0.764s] -- Installing: /home/nnimpit/ros2_tutorial/install/smartbot_cpp_examples/share/ament_index/resource_index/package_run_dependencies/smartbot_cpp_examples
[0.764s] -- Installing: /home/nnimpit/ros2_tutorial/install/smartbot_cpp_examples/share/ament_index/resource_index/parent_prefix_path/smartbot_cpp_examples
[0.764s] -- Installing: /home/nnimpit/ros2_tutorial/install/smartbot_cpp_examples/share/smartbot_cpp_examples/environment/ament_prefix_path.sh
[0.764s] -- Installing: /home/nnimpit/ros2_tutorial/install/smartbot_cpp_examples/share/smartbot_cpp_examples/environment/ament_prefix_path.dsv
[0.764s] -- Installing: /home/nnimpit/ros2_tutorial/install/smartbot_cpp_examples/share/smartbot_cpp_examples/environment/path.sh
[0.764s] -- Installing: /home/nnimpit/ros2_tutorial/install/smartbot_cpp_examples/share/smartbot_cpp_examples/environment/path.dsv
[0.764s] -- Installing: /home/nnimpit/ros2_tutorial/install/smartbot_cpp_examples/share/smartbot_cpp_examples/local_setup.bash
[0.764s] -- Installing: /home/nnimpit/ros2_tutorial/install/smartbot_cpp_examples/share/smartbot_cpp_examples/local_setup.sh
[0.764s] -- Installing: /home/nnimpit/ros2_tutorial/install/smartbot_cpp_examples/share/smartbot_cpp_examples/local_setup.zsh
[0.764s] -- Installing: /home/nnimpit/ros2_tutorial/install/smartbot_cpp_examples/share/smartbot_cpp_examples/local_setup.dsv
[0.764s] -- Installing: /home/nnimpit/ros2_tutorial/install/smartbot_cpp_examples/share/smartbot_cpp_examples/package.dsv
[0.765s] -- Installing: /home/nnimpit/ros2_tutorial/install/smartbot_cpp_examples/share/ament_index/resource_index/packages/smartbot_cpp_examples
[0.765s] -- Installing: /home/nnimpit/ros2_tutorial/install/smartbot_cpp_examples/share/smartbot_cpp_examples/cmake/smartbot_cpp_examplesConfig.cmake
[0.766s] -- Installing: /home/nnimpit/ros2_tutorial/install/smartbot_cpp_examples/share/smartbot_cpp_examples/cmake/smartbot_cpp_examplesConfig-version.cmake
[0.766s] -- Installing: /home/nnimpit/ros2_tutorial/install/smartbot_cpp_examples/share/smartbot_cpp_examples/package.xml
[0.766s] Invoked command in '/home/nnimpit/ros2_tutorial/build/smartbot_cpp_examples' returned '0': CMAKE_PREFIX_PATH=/opt/ros/humble CONDA_PROMPT_MODIFIER=(base) /usr/bin/cmake --install /home/nnimpit/ros2_tutorial/build/smartbot_cpp_examples
