[0.060s] DEBUG:colcon:Command line arguments: ['/usr/bin/colcon', 'build']
[0.060s] DEBUG:colcon:Parsed command line arguments: Namespace(log_base=None, log_level=None, verb_name='build', build_base='build', install_base='install', merge_install=False, symlink_install=False, test_result_base=None, continue_on_error=False, executor='parallel', parallel_workers=12, event_handlers=None, ignore_user_meta=False, metas=['./colcon.meta'], base_paths=['.'], packages_ignore=None, packages_ignore_regex=None, paths=None, packages_up_to=None, packages_up_to_regex=None, packages_above=None, packages_above_and_dependencies=None, packages_above_depth=None, packages_select_by_dep=None, packages_skip_by_dep=None, packages_skip_up_to=None, packages_select_build_failed=False, packages_skip_build_finished=False, packages_select_test_failures=False, packages_skip_test_passed=False, packages_select=None, packages_skip=None, packages_select_regex=None, packages_skip_regex=None, packages_start=None, packages_end=None, allow_overriding=[], cmake_args=None, cmake_target=None, cmake_target_skip_unavailable=False, cmake_clean_cache=False, cmake_clean_first=False, cmake_force_configure=False, ament_cmake_args=None, catkin_cmake_args=None, catkin_skip_building_tests=False, mixin_files=None, mixin=None, verb_parser=<colcon_mixin.mixin.mixin_argument.MixinArgumentDecorator object at 0x7ab890c46860>, verb_extension=<colcon_core.verb.build.BuildVerb object at 0x7ab890d77820>, main=<bound method BuildVerb.main of <colcon_core.verb.build.BuildVerb object at 0x7ab890d77820>>, mixin_verb=('build',))
[0.160s] Level 1:colcon.colcon_core.package_discovery:discover_packages(colcon_meta) check parameters
[0.161s] Level 1:colcon.colcon_core.package_discovery:discover_packages(recursive) check parameters
[0.161s] Level 1:colcon.colcon_core.package_discovery:discover_packages(ignore) check parameters
[0.161s] Level 1:colcon.colcon_core.package_discovery:discover_packages(path) check parameters
[0.161s] Level 1:colcon.colcon_core.package_discovery:discover_packages(colcon_meta) discover
[0.161s] Level 1:colcon.colcon_core.package_discovery:discover_packages(recursive) discover
[0.161s] INFO:colcon.colcon_core.package_discovery:Crawling recursively for packages in '/home/nnimpit/ros2_tutorial'
[0.161s] Level 1:colcon.colcon_core.package_identification:_identify(.) by extensions ['ignore', 'ignore_ament_install']
[0.161s] Level 1:colcon.colcon_core.package_identification:_identify(.) by extension 'ignore'
[0.161s] Level 1:colcon.colcon_core.package_identification:_identify(.) by extension 'ignore_ament_install'
[0.161s] Level 1:colcon.colcon_core.package_identification:_identify(.) by extensions ['colcon_pkg']
[0.161s] Level 1:colcon.colcon_core.package_identification:_identify(.) by extension 'colcon_pkg'
[0.161s] Level 1:colcon.colcon_core.package_identification:_identify(.) by extensions ['colcon_meta']
[0.161s] Level 1:colcon.colcon_core.package_identification:_identify(.) by extension 'colcon_meta'
[0.161s] Level 1:colcon.colcon_core.package_identification:_identify(.) by extensions ['ros']
[0.161s] Level 1:colcon.colcon_core.package_identification:_identify(.) by extension 'ros'
[0.168s] Level 1:colcon.colcon_core.package_identification:_identify(.) by extensions ['cmake', 'python']
[0.168s] Level 1:colcon.colcon_core.package_identification:_identify(.) by extension 'cmake'
[0.168s] Level 1:colcon.colcon_core.package_identification:_identify(.) by extension 'python'
[0.168s] Level 1:colcon.colcon_core.package_identification:_identify(.) by extensions ['python_setup_py']
[0.168s] Level 1:colcon.colcon_core.package_identification:_identify(.) by extension 'python_setup_py'
[0.168s] Level 1:colcon.colcon_core.package_identification:_identify(build) by extensions ['ignore', 'ignore_ament_install']
[0.168s] Level 1:colcon.colcon_core.package_identification:_identify(build) by extension 'ignore'
[0.168s] Level 1:colcon.colcon_core.package_identification:_identify(build) ignored
[0.168s] Level 1:colcon.colcon_core.package_identification:_identify(img) by extensions ['ignore', 'ignore_ament_install']
[0.168s] Level 1:colcon.colcon_core.package_identification:_identify(img) by extension 'ignore'
[0.168s] Level 1:colcon.colcon_core.package_identification:_identify(img) by extension 'ignore_ament_install'
[0.168s] Level 1:colcon.colcon_core.package_identification:_identify(img) by extensions ['colcon_pkg']
[0.168s] Level 1:colcon.colcon_core.package_identification:_identify(img) by extension 'colcon_pkg'
[0.168s] Level 1:colcon.colcon_core.package_identification:_identify(img) by extensions ['colcon_meta']
[0.168s] Level 1:colcon.colcon_core.package_identification:_identify(img) by extension 'colcon_meta'
[0.168s] Level 1:colcon.colcon_core.package_identification:_identify(img) by extensions ['ros']
[0.168s] Level 1:colcon.colcon_core.package_identification:_identify(img) by extension 'ros'
[0.168s] Level 1:colcon.colcon_core.package_identification:_identify(img) by extensions ['cmake', 'python']
[0.168s] Level 1:colcon.colcon_core.package_identification:_identify(img) by extension 'cmake'
[0.168s] Level 1:colcon.colcon_core.package_identification:_identify(img) by extension 'python'
[0.168s] Level 1:colcon.colcon_core.package_identification:_identify(img) by extensions ['python_setup_py']
[0.168s] Level 1:colcon.colcon_core.package_identification:_identify(img) by extension 'python_setup_py'
[0.168s] Level 1:colcon.colcon_core.package_identification:_identify(install) by extensions ['ignore', 'ignore_ament_install']
[0.168s] Level 1:colcon.colcon_core.package_identification:_identify(install) by extension 'ignore'
[0.168s] Level 1:colcon.colcon_core.package_identification:_identify(install) ignored
[0.168s] Level 1:colcon.colcon_core.package_identification:_identify(log) by extensions ['ignore', 'ignore_ament_install']
[0.169s] Level 1:colcon.colcon_core.package_identification:_identify(log) by extension 'ignore'
[0.169s] Level 1:colcon.colcon_core.package_identification:_identify(log) ignored
[0.169s] Level 1:colcon.colcon_core.package_identification:_identify(smartbot_ws) by extensions ['ignore', 'ignore_ament_install']
[0.169s] Level 1:colcon.colcon_core.package_identification:_identify(smartbot_ws) by extension 'ignore'
[0.169s] Level 1:colcon.colcon_core.package_identification:_identify(smartbot_ws) by extension 'ignore_ament_install'
[0.169s] Level 1:colcon.colcon_core.package_identification:_identify(smartbot_ws) by extensions ['colcon_pkg']
[0.169s] Level 1:colcon.colcon_core.package_identification:_identify(smartbot_ws) by extension 'colcon_pkg'
[0.169s] Level 1:colcon.colcon_core.package_identification:_identify(smartbot_ws) by extensions ['colcon_meta']
[0.169s] Level 1:colcon.colcon_core.package_identification:_identify(smartbot_ws) by extension 'colcon_meta'
[0.169s] Level 1:colcon.colcon_core.package_identification:_identify(smartbot_ws) by extensions ['ros']
[0.169s] Level 1:colcon.colcon_core.package_identification:_identify(smartbot_ws) by extension 'ros'
[0.169s] Level 1:colcon.colcon_core.package_identification:_identify(smartbot_ws) by extensions ['cmake', 'python']
[0.169s] Level 1:colcon.colcon_core.package_identification:_identify(smartbot_ws) by extension 'cmake'
[0.169s] Level 1:colcon.colcon_core.package_identification:_identify(smartbot_ws) by extension 'python'
[0.169s] Level 1:colcon.colcon_core.package_identification:_identify(smartbot_ws) by extensions ['python_setup_py']
[0.169s] Level 1:colcon.colcon_core.package_identification:_identify(smartbot_ws) by extension 'python_setup_py'
[0.169s] Level 1:colcon.colcon_core.package_identification:_identify(smartbot_ws/build) by extensions ['ignore', 'ignore_ament_install']
[0.169s] Level 1:colcon.colcon_core.package_identification:_identify(smartbot_ws/build) by extension 'ignore'
[0.169s] Level 1:colcon.colcon_core.package_identification:_identify(smartbot_ws/build) ignored
[0.169s] Level 1:colcon.colcon_core.package_identification:_identify(smartbot_ws/install) by extensions ['ignore', 'ignore_ament_install']
[0.169s] Level 1:colcon.colcon_core.package_identification:_identify(smartbot_ws/install) by extension 'ignore'
[0.169s] Level 1:colcon.colcon_core.package_identification:_identify(smartbot_ws/install) ignored
[0.169s] Level 1:colcon.colcon_core.package_identification:_identify(smartbot_ws/log) by extensions ['ignore', 'ignore_ament_install']
[0.169s] Level 1:colcon.colcon_core.package_identification:_identify(smartbot_ws/log) by extension 'ignore'
[0.169s] Level 1:colcon.colcon_core.package_identification:_identify(smartbot_ws/log) ignored
[0.169s] Level 1:colcon.colcon_core.package_identification:_identify(smartbot_ws/src) by extensions ['ignore', 'ignore_ament_install']
[0.169s] Level 1:colcon.colcon_core.package_identification:_identify(smartbot_ws/src) by extension 'ignore'
[0.169s] Level 1:colcon.colcon_core.package_identification:_identify(smartbot_ws/src) by extension 'ignore_ament_install'
[0.169s] Level 1:colcon.colcon_core.package_identification:_identify(smartbot_ws/src) by extensions ['colcon_pkg']
[0.169s] Level 1:colcon.colcon_core.package_identification:_identify(smartbot_ws/src) by extension 'colcon_pkg'
[0.169s] Level 1:colcon.colcon_core.package_identification:_identify(smartbot_ws/src) by extensions ['colcon_meta']
[0.169s] Level 1:colcon.colcon_core.package_identification:_identify(smartbot_ws/src) by extension 'colcon_meta'
[0.169s] Level 1:colcon.colcon_core.package_identification:_identify(smartbot_ws/src) by extensions ['ros']
[0.169s] Level 1:colcon.colcon_core.package_identification:_identify(smartbot_ws/src) by extension 'ros'
[0.169s] Level 1:colcon.colcon_core.package_identification:_identify(smartbot_ws/src) by extensions ['cmake', 'python']
[0.169s] Level 1:colcon.colcon_core.package_identification:_identify(smartbot_ws/src) by extension 'cmake'
[0.169s] Level 1:colcon.colcon_core.package_identification:_identify(smartbot_ws/src) by extension 'python'
[0.169s] Level 1:colcon.colcon_core.package_identification:_identify(smartbot_ws/src) by extensions ['python_setup_py']
[0.169s] Level 1:colcon.colcon_core.package_identification:_identify(smartbot_ws/src) by extension 'python_setup_py'
[0.169s] Level 1:colcon.colcon_core.package_identification:_identify(smartbot_ws/src/smartbot_cpp_examples) by extensions ['ignore', 'ignore_ament_install']
[0.170s] Level 1:colcon.colcon_core.package_identification:_identify(smartbot_ws/src/smartbot_cpp_examples) by extension 'ignore'
[0.170s] Level 1:colcon.colcon_core.package_identification:_identify(smartbot_ws/src/smartbot_cpp_examples) by extension 'ignore_ament_install'
[0.170s] Level 1:colcon.colcon_core.package_identification:_identify(smartbot_ws/src/smartbot_cpp_examples) by extensions ['colcon_pkg']
[0.170s] Level 1:colcon.colcon_core.package_identification:_identify(smartbot_ws/src/smartbot_cpp_examples) by extension 'colcon_pkg'
[0.170s] Level 1:colcon.colcon_core.package_identification:_identify(smartbot_ws/src/smartbot_cpp_examples) by extensions ['colcon_meta']
[0.170s] Level 1:colcon.colcon_core.package_identification:_identify(smartbot_ws/src/smartbot_cpp_examples) by extension 'colcon_meta'
[0.170s] Level 1:colcon.colcon_core.package_identification:_identify(smartbot_ws/src/smartbot_cpp_examples) by extensions ['ros']
[0.170s] Level 1:colcon.colcon_core.package_identification:_identify(smartbot_ws/src/smartbot_cpp_examples) by extension 'ros'
[0.186s] DEBUG:colcon.colcon_core.package_identification:Package 'smartbot_ws/src/smartbot_cpp_examples' with type 'ros.ament_cmake' and name 'smartbot_cpp_examples'
[0.186s] Level 1:colcon.colcon_core.package_identification:_identify(smartbot_ws/src/smartbot_py_examples) by extensions ['ignore', 'ignore_ament_install']
[0.186s] Level 1:colcon.colcon_core.package_identification:_identify(smartbot_ws/src/smartbot_py_examples) by extension 'ignore'
[0.186s] Level 1:colcon.colcon_core.package_identification:_identify(smartbot_ws/src/smartbot_py_examples) by extension 'ignore_ament_install'
[0.186s] Level 1:colcon.colcon_core.package_identification:_identify(smartbot_ws/src/smartbot_py_examples) by extensions ['colcon_pkg']
[0.186s] Level 1:colcon.colcon_core.package_identification:_identify(smartbot_ws/src/smartbot_py_examples) by extension 'colcon_pkg'
[0.186s] Level 1:colcon.colcon_core.package_identification:_identify(smartbot_ws/src/smartbot_py_examples) by extensions ['colcon_meta']
[0.186s] Level 1:colcon.colcon_core.package_identification:_identify(smartbot_ws/src/smartbot_py_examples) by extension 'colcon_meta'
[0.186s] Level 1:colcon.colcon_core.package_identification:_identify(smartbot_ws/src/smartbot_py_examples) by extensions ['ros']
[0.186s] Level 1:colcon.colcon_core.package_identification:_identify(smartbot_ws/src/smartbot_py_examples) by extension 'ros'
[0.187s] DEBUG:colcon.colcon_core.package_identification:Package 'smartbot_ws/src/smartbot_py_examples' with type 'ros.ament_python' and name 'bumperbot_py_examples'
[0.187s] Level 1:colcon.colcon_core.package_discovery:discover_packages(recursive) using defaults
[0.187s] Level 1:colcon.colcon_core.package_discovery:discover_packages(ignore) discover
[0.187s] Level 1:colcon.colcon_core.package_discovery:discover_packages(ignore) using defaults
[0.187s] Level 1:colcon.colcon_core.package_discovery:discover_packages(path) discover
[0.187s] Level 1:colcon.colcon_core.package_discovery:discover_packages(path) using defaults
[0.198s] Level 1:colcon.colcon_core.package_discovery:discover_packages(prefix_path) check parameters
[0.198s] Level 1:colcon.colcon_core.package_discovery:discover_packages(prefix_path) discover
[0.200s] DEBUG:colcon.colcon_installed_package_information.package_discovery:Found 378 installed packages in /opt/ros/humble
[0.201s] Level 1:colcon.colcon_core.package_discovery:discover_packages(prefix_path) using defaults
[0.224s] Level 5:colcon.colcon_core.verb:set package 'bumperbot_py_examples' build argument 'cmake_args' from command line to 'None'
[0.224s] Level 5:colcon.colcon_core.verb:set package 'bumperbot_py_examples' build argument 'cmake_target' from command line to 'None'
[0.224s] Level 5:colcon.colcon_core.verb:set package 'bumperbot_py_examples' build argument 'cmake_target_skip_unavailable' from command line to 'False'
[0.224s] Level 5:colcon.colcon_core.verb:set package 'bumperbot_py_examples' build argument 'cmake_clean_cache' from command line to 'False'
[0.224s] Level 5:colcon.colcon_core.verb:set package 'bumperbot_py_examples' build argument 'cmake_clean_first' from command line to 'False'
[0.224s] Level 5:colcon.colcon_core.verb:set package 'bumperbot_py_examples' build argument 'cmake_force_configure' from command line to 'False'
[0.224s] Level 5:colcon.colcon_core.verb:set package 'bumperbot_py_examples' build argument 'ament_cmake_args' from command line to 'None'
[0.224s] Level 5:colcon.colcon_core.verb:set package 'bumperbot_py_examples' build argument 'catkin_cmake_args' from command line to 'None'
[0.224s] Level 5:colcon.colcon_core.verb:set package 'bumperbot_py_examples' build argument 'catkin_skip_building_tests' from command line to 'False'
[0.224s] DEBUG:colcon.colcon_core.verb:Building package 'bumperbot_py_examples' with the following arguments: {'ament_cmake_args': None, 'build_base': '/home/nnimpit/ros2_tutorial/build/bumperbot_py_examples', 'catkin_cmake_args': None, 'catkin_skip_building_tests': False, 'cmake_args': None, 'cmake_clean_cache': False, 'cmake_clean_first': False, 'cmake_force_configure': False, 'cmake_target': None, 'cmake_target_skip_unavailable': False, 'install_base': '/home/nnimpit/ros2_tutorial/install/bumperbot_py_examples', 'merge_install': False, 'path': '/home/nnimpit/ros2_tutorial/smartbot_ws/src/smartbot_py_examples', 'symlink_install': False, 'test_result_base': None}
[0.224s] Level 5:colcon.colcon_core.verb:set package 'smartbot_cpp_examples' build argument 'cmake_args' from command line to 'None'
[0.224s] Level 5:colcon.colcon_core.verb:set package 'smartbot_cpp_examples' build argument 'cmake_target' from command line to 'None'
[0.224s] Level 5:colcon.colcon_core.verb:set package 'smartbot_cpp_examples' build argument 'cmake_target_skip_unavailable' from command line to 'False'
[0.224s] Level 5:colcon.colcon_core.verb:set package 'smartbot_cpp_examples' build argument 'cmake_clean_cache' from command line to 'False'
[0.224s] Level 5:colcon.colcon_core.verb:set package 'smartbot_cpp_examples' build argument 'cmake_clean_first' from command line to 'False'
[0.224s] Level 5:colcon.colcon_core.verb:set package 'smartbot_cpp_examples' build argument 'cmake_force_configure' from command line to 'False'
[0.224s] Level 5:colcon.colcon_core.verb:set package 'smartbot_cpp_examples' build argument 'ament_cmake_args' from command line to 'None'
[0.224s] Level 5:colcon.colcon_core.verb:set package 'smartbot_cpp_examples' build argument 'catkin_cmake_args' from command line to 'None'
[0.224s] Level 5:colcon.colcon_core.verb:set package 'smartbot_cpp_examples' build argument 'catkin_skip_building_tests' from command line to 'False'
[0.224s] DEBUG:colcon.colcon_core.verb:Building package 'smartbot_cpp_examples' with the following arguments: {'ament_cmake_args': None, 'build_base': '/home/nnimpit/ros2_tutorial/build/smartbot_cpp_examples', 'catkin_cmake_args': None, 'catkin_skip_building_tests': False, 'cmake_args': None, 'cmake_clean_cache': False, 'cmake_clean_first': False, 'cmake_force_configure': False, 'cmake_target': None, 'cmake_target_skip_unavailable': False, 'install_base': '/home/nnimpit/ros2_tutorial/install/smartbot_cpp_examples', 'merge_install': False, 'path': '/home/nnimpit/ros2_tutorial/smartbot_ws/src/smartbot_cpp_examples', 'symlink_install': False, 'test_result_base': None}
[0.224s] INFO:colcon.colcon_core.executor:Executing jobs using 'parallel' executor
[0.225s] DEBUG:colcon.colcon_parallel_executor.executor.parallel:run_until_complete
[0.225s] INFO:colcon.colcon_ros.task.ament_python.build:Building ROS package in '/home/nnimpit/ros2_tutorial/smartbot_ws/src/smartbot_py_examples' with build type 'ament_python'
[0.225s] Level 1:colcon.colcon_core.shell:create_environment_hook('bumperbot_py_examples', 'ament_prefix_path')
[0.227s] INFO:colcon.colcon_core.plugin_system:Skipping extension 'colcon_core.shell.bat': Not used on non-Windows systems
[0.227s] INFO:colcon.colcon_core.shell:Creating environment hook '/home/nnimpit/ros2_tutorial/install/bumperbot_py_examples/share/bumperbot_py_examples/hook/ament_prefix_path.ps1'
[0.227s] INFO:colcon.colcon_core.shell:Creating environment descriptor '/home/nnimpit/ros2_tutorial/install/bumperbot_py_examples/share/bumperbot_py_examples/hook/ament_prefix_path.dsv'
[0.227s] INFO:colcon.colcon_core.shell:Creating environment hook '/home/nnimpit/ros2_tutorial/install/bumperbot_py_examples/share/bumperbot_py_examples/hook/ament_prefix_path.sh'
[0.228s] INFO:colcon.colcon_core.shell:Skip shell extension 'powershell' for command environment: Not usable outside of PowerShell
[0.228s] DEBUG:colcon.colcon_core.shell:Skip shell extension 'dsv' for command environment
[0.229s] INFO:colcon.colcon_ros.task.ament_cmake.build:Building ROS package in '/home/nnimpit/ros2_tutorial/smartbot_ws/src/smartbot_cpp_examples' with build type 'ament_cmake'
[0.230s] INFO:colcon.colcon_cmake.task.cmake.build:Building CMake package in '/home/nnimpit/ros2_tutorial/smartbot_ws/src/smartbot_cpp_examples'
[0.230s] INFO:colcon.colcon_core.shell:Skip shell extension 'powershell' for command environment: Not usable outside of PowerShell
[0.230s] DEBUG:colcon.colcon_core.shell:Skip shell extension 'dsv' for command environment
[0.376s] INFO:colcon.colcon_core.task.python.build:Building Python package in '/home/nnimpit/ros2_tutorial/smartbot_ws/src/smartbot_py_examples'
[0.376s] INFO:colcon.colcon_core.shell:Skip shell extension 'powershell' for command environment: Not usable outside of PowerShell
[0.376s] DEBUG:colcon.colcon_core.shell:Skip shell extension 'dsv' for command environment
[0.389s] DEBUG:colcon.colcon_core.event_handler.log_command:Invoking command in '/home/nnimpit/ros2_tutorial/build/smartbot_cpp_examples': CMAKE_PREFIX_PATH=/opt/ros/humble CONDA_PROMPT_MODIFIER=(base) /usr/bin/cmake --build /home/nnimpit/ros2_tutorial/build/smartbot_cpp_examples -- -j12 -l12
[0.423s] DEBUG:colcon.colcon_core.event_handler.log_command:Invoked command in '/home/nnimpit/ros2_tutorial/build/smartbot_cpp_examples' returned '0': CMAKE_PREFIX_PATH=/opt/ros/humble CONDA_PROMPT_MODIFIER=(base) /usr/bin/cmake --build /home/nnimpit/ros2_tutorial/build/smartbot_cpp_examples -- -j12 -l12
[0.431s] DEBUG:colcon.colcon_core.event_handler.log_command:Invoking command in '/home/nnimpit/ros2_tutorial/build/smartbot_cpp_examples': CMAKE_PREFIX_PATH=/opt/ros/humble CONDA_PROMPT_MODIFIER=(base) /usr/bin/cmake --install /home/nnimpit/ros2_tutorial/build/smartbot_cpp_examples
[0.440s] Level 1:colcon.colcon_core.environment:create_environment_scripts_only(smartbot_cpp_examples)
[0.440s] DEBUG:colcon.colcon_core.event_handler.log_command:Invoked command in '/home/nnimpit/ros2_tutorial/build/smartbot_cpp_examples' returned '0': CMAKE_PREFIX_PATH=/opt/ros/humble CONDA_PROMPT_MODIFIER=(base) /usr/bin/cmake --install /home/nnimpit/ros2_tutorial/build/smartbot_cpp_examples
[0.442s] Level 1:colcon.colcon_core.environment:checking '/home/nnimpit/ros2_tutorial/install/smartbot_cpp_examples' for CMake module files
[0.443s] Level 1:colcon.colcon_core.environment:checking '/home/nnimpit/ros2_tutorial/install/smartbot_cpp_examples' for CMake config files
[0.443s] Level 1:colcon.colcon_core.shell:create_environment_hook('smartbot_cpp_examples', 'cmake_prefix_path')
[0.443s] INFO:colcon.colcon_core.shell:Creating environment hook '/home/nnimpit/ros2_tutorial/install/smartbot_cpp_examples/share/smartbot_cpp_examples/hook/cmake_prefix_path.ps1'
[0.444s] INFO:colcon.colcon_core.shell:Creating environment descriptor '/home/nnimpit/ros2_tutorial/install/smartbot_cpp_examples/share/smartbot_cpp_examples/hook/cmake_prefix_path.dsv'
[0.444s] INFO:colcon.colcon_core.shell:Creating environment hook '/home/nnimpit/ros2_tutorial/install/smartbot_cpp_examples/share/smartbot_cpp_examples/hook/cmake_prefix_path.sh'
[0.445s] Level 1:colcon.colcon_core.environment:checking '/home/nnimpit/ros2_tutorial/install/smartbot_cpp_examples/bin'
[0.445s] Level 1:colcon.colcon_core.environment:checking '/home/nnimpit/ros2_tutorial/install/smartbot_cpp_examples/lib/pkgconfig/smartbot_cpp_examples.pc'
[0.445s] Level 1:colcon.colcon_core.environment:checking '/home/nnimpit/ros2_tutorial/install/smartbot_cpp_examples/lib/python3.10/site-packages'
[0.445s] Level 1:colcon.colcon_core.environment:checking '/home/nnimpit/ros2_tutorial/install/smartbot_cpp_examples/bin'
[0.445s] INFO:colcon.colcon_core.shell:Creating package script '/home/nnimpit/ros2_tutorial/install/smartbot_cpp_examples/share/smartbot_cpp_examples/package.ps1'
[0.446s] INFO:colcon.colcon_core.shell:Creating package descriptor '/home/nnimpit/ros2_tutorial/install/smartbot_cpp_examples/share/smartbot_cpp_examples/package.dsv'
[0.447s] INFO:colcon.colcon_core.shell:Creating package script '/home/nnimpit/ros2_tutorial/install/smartbot_cpp_examples/share/smartbot_cpp_examples/package.sh'
[0.447s] INFO:colcon.colcon_core.shell:Creating package script '/home/nnimpit/ros2_tutorial/install/smartbot_cpp_examples/share/smartbot_cpp_examples/package.bash'
[0.448s] INFO:colcon.colcon_core.shell:Creating package script '/home/nnimpit/ros2_tutorial/install/smartbot_cpp_examples/share/smartbot_cpp_examples/package.zsh'
[0.449s] Level 1:colcon.colcon_core.environment:create_file_with_runtime_dependencies(/home/nnimpit/ros2_tutorial/install/smartbot_cpp_examples/share/colcon-core/packages/smartbot_cpp_examples)
[0.449s] Level 1:colcon.colcon_core.environment:create_environment_scripts_only(smartbot_cpp_examples)
[0.449s] Level 1:colcon.colcon_core.environment:checking '/home/nnimpit/ros2_tutorial/install/smartbot_cpp_examples' for CMake module files
[0.450s] Level 1:colcon.colcon_core.environment:checking '/home/nnimpit/ros2_tutorial/install/smartbot_cpp_examples' for CMake config files
[0.450s] Level 1:colcon.colcon_core.shell:create_environment_hook('smartbot_cpp_examples', 'cmake_prefix_path')
[0.450s] INFO:colcon.colcon_core.shell:Creating environment hook '/home/nnimpit/ros2_tutorial/install/smartbot_cpp_examples/share/smartbot_cpp_examples/hook/cmake_prefix_path.ps1'
[0.450s] INFO:colcon.colcon_core.shell:Creating environment descriptor '/home/nnimpit/ros2_tutorial/install/smartbot_cpp_examples/share/smartbot_cpp_examples/hook/cmake_prefix_path.dsv'
[0.450s] INFO:colcon.colcon_core.shell:Creating environment hook '/home/nnimpit/ros2_tutorial/install/smartbot_cpp_examples/share/smartbot_cpp_examples/hook/cmake_prefix_path.sh'
[0.450s] Level 1:colcon.colcon_core.environment:checking '/home/nnimpit/ros2_tutorial/install/smartbot_cpp_examples/bin'
[0.451s] Level 1:colcon.colcon_core.environment:checking '/home/nnimpit/ros2_tutorial/install/smartbot_cpp_examples/lib/pkgconfig/smartbot_cpp_examples.pc'
[0.451s] Level 1:colcon.colcon_core.environment:checking '/home/nnimpit/ros2_tutorial/install/smartbot_cpp_examples/lib/python3.10/site-packages'
[0.451s] Level 1:colcon.colcon_core.environment:checking '/home/nnimpit/ros2_tutorial/install/smartbot_cpp_examples/bin'
[0.451s] INFO:colcon.colcon_core.shell:Creating package script '/home/nnimpit/ros2_tutorial/install/smartbot_cpp_examples/share/smartbot_cpp_examples/package.ps1'
[0.451s] INFO:colcon.colcon_core.shell:Creating package descriptor '/home/nnimpit/ros2_tutorial/install/smartbot_cpp_examples/share/smartbot_cpp_examples/package.dsv'
[0.451s] INFO:colcon.colcon_core.shell:Creating package script '/home/nnimpit/ros2_tutorial/install/smartbot_cpp_examples/share/smartbot_cpp_examples/package.sh'
[0.452s] INFO:colcon.colcon_core.shell:Creating package script '/home/nnimpit/ros2_tutorial/install/smartbot_cpp_examples/share/smartbot_cpp_examples/package.bash'
[0.452s] INFO:colcon.colcon_core.shell:Creating package script '/home/nnimpit/ros2_tutorial/install/smartbot_cpp_examples/share/smartbot_cpp_examples/package.zsh'
[0.452s] Level 1:colcon.colcon_core.environment:create_file_with_runtime_dependencies(/home/nnimpit/ros2_tutorial/install/smartbot_cpp_examples/share/colcon-core/packages/smartbot_cpp_examples)
[0.601s] DEBUG:colcon.colcon_core.event_handler.log_command:Invoking command in '/home/nnimpit/ros2_tutorial/smartbot_ws/src/smartbot_py_examples': CONDA_PROMPT_MODIFIER=(base) PYTHONPATH=/home/nnimpit/ros2_tutorial/build/bumperbot_py_examples/prefix_override:/usr/lib/python3/dist-packages/colcon_core/task/python/colcon_distutils_commands:/home/nnimpit/ros2_tutorial/install/bumperbot_py_examples/lib/python3.10/site-packages:${PYTHONPATH} /usr/bin/python3 -W ignore:setup.py install is deprecated -W ignore:easy_install command is deprecated setup.py egg_info --egg-base ../../../build/bumperbot_py_examples build --build-base /home/nnimpit/ros2_tutorial/build/bumperbot_py_examples/build install --record /home/nnimpit/ros2_tutorial/build/bumperbot_py_examples/install.log --single-version-externally-managed install_data
[0.752s] DEBUG:colcon.colcon_core.event_handler.log_command:Invoked command in '/home/nnimpit/ros2_tutorial/smartbot_ws/src/smartbot_py_examples' returned '1': CONDA_PROMPT_MODIFIER=(base) PYTHONPATH=/home/nnimpit/ros2_tutorial/build/bumperbot_py_examples/prefix_override:/usr/lib/python3/dist-packages/colcon_core/task/python/colcon_distutils_commands:/home/nnimpit/ros2_tutorial/install/bumperbot_py_examples/lib/python3.10/site-packages:${PYTHONPATH} /usr/bin/python3 -W ignore:setup.py install is deprecated -W ignore:easy_install command is deprecated setup.py egg_info --egg-base ../../../build/bumperbot_py_examples build --build-base /home/nnimpit/ros2_tutorial/build/bumperbot_py_examples/build install --record /home/nnimpit/ros2_tutorial/build/bumperbot_py_examples/install.log --single-version-externally-managed install_data
[0.762s] DEBUG:colcon.colcon_parallel_executor.executor.parallel:closing loop
[0.762s] DEBUG:colcon.colcon_parallel_executor.executor.parallel:loop closed
[0.762s] DEBUG:colcon.colcon_parallel_executor.executor.parallel:run_until_complete finished with '1'
[0.762s] DEBUG:colcon.colcon_core.event_reactor:joining thread
[0.766s] INFO:colcon.colcon_core.plugin_system:Skipping extension 'colcon_notification.desktop_notification.terminal_notifier': Not used on non-Darwin systems
[0.766s] INFO:colcon.colcon_core.plugin_system:Skipping extension 'colcon_notification.desktop_notification.win32': Not used on non-Windows systems
[0.766s] INFO:colcon.colcon_notification.desktop_notification:Sending desktop notification using 'notify2'
[0.778s] DEBUG:colcon.colcon_core.event_reactor:joined thread
[0.778s] INFO:colcon.colcon_core.shell:Creating prefix script '/home/nnimpit/ros2_tutorial/install/local_setup.ps1'
[0.779s] INFO:colcon.colcon_core.shell:Creating prefix util module '/home/nnimpit/ros2_tutorial/install/_local_setup_util_ps1.py'
[0.779s] INFO:colcon.colcon_core.shell:Creating prefix chain script '/home/nnimpit/ros2_tutorial/install/setup.ps1'
[0.780s] INFO:colcon.colcon_core.shell:Creating prefix script '/home/nnimpit/ros2_tutorial/install/local_setup.sh'
[0.780s] INFO:colcon.colcon_core.shell:Creating prefix util module '/home/nnimpit/ros2_tutorial/install/_local_setup_util_sh.py'
[0.780s] INFO:colcon.colcon_core.shell:Creating prefix chain script '/home/nnimpit/ros2_tutorial/install/setup.sh'
[0.781s] INFO:colcon.colcon_core.shell:Creating prefix script '/home/nnimpit/ros2_tutorial/install/local_setup.bash'
[0.781s] INFO:colcon.colcon_core.shell:Creating prefix chain script '/home/nnimpit/ros2_tutorial/install/setup.bash'
[0.781s] INFO:colcon.colcon_core.shell:Creating prefix script '/home/nnimpit/ros2_tutorial/install/local_setup.zsh'
[0.785s] INFO:colcon.colcon_core.shell:Creating prefix chain script '/home/nnimpit/ros2_tutorial/install/setup.zsh'
