[0.018s] Invoking command in '/home/nnimpit/ros2_tutorial/smartbot_ws/build/smartbot_cpp_examples': CMAKE_PREFIX_PATH=/opt/ros/humble CONDA_PROMPT_MODIFIER=(base) /usr/bin/cmake /home/nnimpit/ros2_tutorial/smartbot_ws/src/smartbot_cpp_examples -DCMAKE_INSTALL_PREFIX=/home/nnimpit/ros2_tutorial/smartbot_ws/install/smartbot_cpp_examples
[0.100s] -- The C compiler identification is GNU 11.4.0
[0.171s] -- The CXX compiler identification is GNU 11.4.0
[0.182s] -- Detecting C compiler ABI info
[0.248s] -- Detecting C compiler ABI info - done
[0.255s] -- Check for working C compiler: /usr/bin/cc - skipped
[0.256s] -- Detecting C compile features
[0.257s] -- Detecting C compile features - done
[0.260s] -- Detecting CXX compiler ABI info
[0.334s] -- Detecting CXX compiler ABI info - done
[0.339s] -- Check for working CXX compiler: /usr/bin/c++ - skipped
[0.339s] -- Detecting CXX compile features
[0.340s] -- Detecting CXX compile features - done
[0.346s] -- Found ament_cmake: 1.3.11 (/opt/ros/humble/share/ament_cmake/cmake)
[0.673s] -- Found Python3: /home/nnimpit/anaconda3/bin/python3 (found version "3.12.2") found components: Interpreter 
[0.827s] -- Found ament_lint_auto: 0.12.11 (/opt/ros/humble/share/ament_lint_auto/cmake)
[0.926s] -- Added test 'lint_cmake' to check CMake code style
[0.927s] -- Added test 'xmllint' to check XML markup files
[0.928s] -- Configuring done
[0.929s] -- Generating done
[0.931s] -- Build files have been written to: /home/nnimpit/ros2_tutorial/smartbot_ws/build/smartbot_cpp_examples
[0.934s] Invoked command in '/home/nnimpit/ros2_tutorial/smartbot_ws/build/smartbot_cpp_examples' returned '0': CMAKE_PREFIX_PATH=/opt/ros/humble CONDA_PROMPT_MODIFIER=(base) /usr/bin/cmake /home/nnimpit/ros2_tutorial/smartbot_ws/src/smartbot_cpp_examples -DCMAKE_INSTALL_PREFIX=/home/nnimpit/ros2_tutorial/smartbot_ws/install/smartbot_cpp_examples
[0.936s] Invoking command in '/home/nnimpit/ros2_tutorial/smartbot_ws/build/smartbot_cpp_examples': CMAKE_PREFIX_PATH=/opt/ros/humble CONDA_PROMPT_MODIFIER=(base) /usr/bin/cmake --build /home/nnimpit/ros2_tutorial/smartbot_ws/build/smartbot_cpp_examples -- -j12 -l12
[0.972s] Invoked command in '/home/nnimpit/ros2_tutorial/smartbot_ws/build/smartbot_cpp_examples' returned '0': CMAKE_PREFIX_PATH=/opt/ros/humble CONDA_PROMPT_MODIFIER=(base) /usr/bin/cmake --build /home/nnimpit/ros2_tutorial/smartbot_ws/build/smartbot_cpp_examples -- -j12 -l12
[0.984s] Invoking command in '/home/nnimpit/ros2_tutorial/smartbot_ws/build/smartbot_cpp_examples': CMAKE_PREFIX_PATH=/opt/ros/humble CONDA_PROMPT_MODIFIER=(base) /usr/bin/cmake --install /home/nnimpit/ros2_tutorial/smartbot_ws/build/smartbot_cpp_examples
[0.990s] -- Install configuration: ""
[0.990s] -- Installing: /home/nnimpit/ros2_tutorial/smartbot_ws/install/smartbot_cpp_examples/share/ament_index/resource_index/package_run_dependencies/smartbot_cpp_examples
[0.991s] -- Installing: /home/nnimpit/ros2_tutorial/smartbot_ws/install/smartbot_cpp_examples/share/ament_index/resource_index/parent_prefix_path/smartbot_cpp_examples
[0.991s] -- Installing: /home/nnimpit/ros2_tutorial/smartbot_ws/install/smartbot_cpp_examples/share/smartbot_cpp_examples/environment/ament_prefix_path.sh
[0.991s] -- Installing: /home/nnimpit/ros2_tutorial/smartbot_ws/install/smartbot_cpp_examples/share/smartbot_cpp_examples/environment/ament_prefix_path.dsv
[0.991s] -- Installing: /home/nnimpit/ros2_tutorial/smartbot_ws/install/smartbot_cpp_examples/share/smartbot_cpp_examples/environment/path.sh
[0.991s] -- Installing: /home/nnimpit/ros2_tutorial/smartbot_ws/install/smartbot_cpp_examples/share/smartbot_cpp_examples/environment/path.dsv
[0.991s] -- Installing: /home/nnimpit/ros2_tutorial/smartbot_ws/install/smartbot_cpp_examples/share/smartbot_cpp_examples/local_setup.bash
[0.992s] -- Installing: /home/nnimpit/ros2_tutorial/smartbot_ws/install/smartbot_cpp_examples/share/smartbot_cpp_examples/local_setup.sh
[0.992s] -- Installing: /home/nnimpit/ros2_tutorial/smartbot_ws/install/smartbot_cpp_examples/share/smartbot_cpp_examples/local_setup.zsh
[0.992s] -- Installing: /home/nnimpit/ros2_tutorial/smartbot_ws/install/smartbot_cpp_examples/share/smartbot_cpp_examples/local_setup.dsv
[0.992s] -- Installing: /home/nnimpit/ros2_tutorial/smartbot_ws/install/smartbot_cpp_examples/share/smartbot_cpp_examples/package.dsv
[0.992s] -- Installing: /home/nnimpit/ros2_tutorial/smartbot_ws/install/smartbot_cpp_examples/share/ament_index/resource_index/packages/smartbot_cpp_examples
[0.993s] -- Installing: /home/nnimpit/ros2_tutorial/smartbot_ws/install/smartbot_cpp_examples/share/smartbot_cpp_examples/cmake/smartbot_cpp_examplesConfig.cmake
[0.993s] -- Installing: /home/nnimpit/ros2_tutorial/smartbot_ws/install/smartbot_cpp_examples/share/smartbot_cpp_examples/cmake/smartbot_cpp_examplesConfig-version.cmake
[0.993s] -- Installing: /home/nnimpit/ros2_tutorial/smartbot_ws/install/smartbot_cpp_examples/share/smartbot_cpp_examples/package.xml
[0.996s] Invoked command in '/home/nnimpit/ros2_tutorial/smartbot_ws/build/smartbot_cpp_examples' returned '0': CMAKE_PREFIX_PATH=/opt/ros/humble CONDA_PROMPT_MODIFIER=(base) /usr/bin/cmake --install /home/nnimpit/ros2_tutorial/smartbot_ws/build/smartbot_cpp_examples
