[0.383s] Invoking command in '/home/nnimpit/ros2_tutorial/smartbot_ws/src/smartbot_py_examples': CONDA_PROMPT_MODIFIER=(base) PYTHONPATH=/home/nnimpit/ros2_tutorial/build/smartbot_py_examples/prefix_override:/usr/lib/python3/dist-packages/colcon_core/task/python/colcon_distutils_commands:/home/nnimpit/ros2_tutorial/install/smartbot_py_examples/lib/python3.10/site-packages:${PYTHONPATH} /usr/bin/python3 -W ignore:setup.py install is deprecated -W ignore:easy_install command is deprecated setup.py egg_info --egg-base ../../../build/smartbot_py_examples build --build-base /home/nnimpit/ros2_tutorial/build/smartbot_py_examples/build install --record /home/nnimpit/ros2_tutorial/build/smartbot_py_examples/install.log --single-version-externally-managed install_data
[0.546s] running egg_info
[0.547s] creating ../../../build/smartbot_py_examples/smartbot_py_examples.egg-info
[0.547s] writing ../../../build/smartbot_py_examples/smartbot_py_examples.egg-info/PKG-INFO
[0.547s] writing dependency_links to ../../../build/smartbot_py_examples/smartbot_py_examples.egg-info/dependency_links.txt
[0.547s] writing entry points to ../../../build/smartbot_py_examples/smartbot_py_examples.egg-info/entry_points.txt
[0.547s] writing requirements to ../../../build/smartbot_py_examples/smartbot_py_examples.egg-info/requires.txt
[0.547s] writing top-level names to ../../../build/smartbot_py_examples/smartbot_py_examples.egg-info/top_level.txt
[0.547s] writing manifest file '../../../build/smartbot_py_examples/smartbot_py_examples.egg-info/SOURCES.txt'
[0.548s] reading manifest file '../../../build/smartbot_py_examples/smartbot_py_examples.egg-info/SOURCES.txt'
[0.548s] writing manifest file '../../../build/smartbot_py_examples/smartbot_py_examples.egg-info/SOURCES.txt'
[0.549s] running build
[0.549s] running build_py
[0.549s] creating /home/nnimpit/ros2_tutorial/build/smartbot_py_examples/build
[0.549s] creating /home/nnimpit/ros2_tutorial/build/smartbot_py_examples/build/lib
[0.549s] creating /home/nnimpit/ros2_tutorial/build/smartbot_py_examples/build/lib/smartbot_py_examples
[0.549s] copying smartbot_py_examples/__init__.py -> /home/nnimpit/ros2_tutorial/build/smartbot_py_examples/build/lib/smartbot_py_examples
[0.549s] copying smartbot_py_examples/simple_publisher.py -> /home/nnimpit/ros2_tutorial/build/smartbot_py_examples/build/lib/smartbot_py_examples
[0.549s] running install
[0.549s] running install_lib
[0.550s] creating /home/nnimpit/ros2_tutorial/install/smartbot_py_examples/lib/python3.10/site-packages/smartbot_py_examples
[0.550s] copying /home/nnimpit/ros2_tutorial/build/smartbot_py_examples/build/lib/smartbot_py_examples/__init__.py -> /home/nnimpit/ros2_tutorial/install/smartbot_py_examples/lib/python3.10/site-packages/smartbot_py_examples
[0.550s] copying /home/nnimpit/ros2_tutorial/build/smartbot_py_examples/build/lib/smartbot_py_examples/simple_publisher.py -> /home/nnimpit/ros2_tutorial/install/smartbot_py_examples/lib/python3.10/site-packages/smartbot_py_examples
[0.550s] byte-compiling /home/nnimpit/ros2_tutorial/install/smartbot_py_examples/lib/python3.10/site-packages/smartbot_py_examples/__init__.py to __init__.cpython-310.pyc
[0.550s] byte-compiling /home/nnimpit/ros2_tutorial/install/smartbot_py_examples/lib/python3.10/site-packages/smartbot_py_examples/simple_publisher.py to simple_publisher.cpython-310.pyc
[0.551s] running install_data
[0.551s] creating /home/nnimpit/ros2_tutorial/install/smartbot_py_examples/share/ament_index
[0.551s] creating /home/nnimpit/ros2_tutorial/install/smartbot_py_examples/share/ament_index/resource_index
[0.551s] creating /home/nnimpit/ros2_tutorial/install/smartbot_py_examples/share/ament_index/resource_index/packages
[0.551s] copying resource/smartbot_py_examples -> /home/nnimpit/ros2_tutorial/install/smartbot_py_examples/share/ament_index/resource_index/packages
[0.551s] copying package.xml -> /home/nnimpit/ros2_tutorial/install/smartbot_py_examples/share/smartbot_py_examples
[0.551s] running install_egg_info
[0.552s] Copying ../../../build/smartbot_py_examples/smartbot_py_examples.egg-info to /home/nnimpit/ros2_tutorial/install/smartbot_py_examples/lib/python3.10/site-packages/smartbot_py_examples-0.0.0-py3.10.egg-info
[0.553s] running install_scripts
[0.568s] Installing simple_publisher script to /home/nnimpit/ros2_tutorial/install/smartbot_py_examples/lib/smartbot_py_examples
[0.568s] writing list of installed files to '/home/nnimpit/ros2_tutorial/build/smartbot_py_examples/install.log'
[0.588s] Invoked command in '/home/nnimpit/ros2_tutorial/smartbot_ws/src/smartbot_py_examples' returned '0': CONDA_PROMPT_MODIFIER=(base) PYTHONPATH=/home/nnimpit/ros2_tutorial/build/smartbot_py_examples/prefix_override:/usr/lib/python3/dist-packages/colcon_core/task/python/colcon_distutils_commands:/home/nnimpit/ros2_tutorial/install/smartbot_py_examples/lib/python3.10/site-packages:${PYTHONPATH} /usr/bin/python3 -W ignore:setup.py install is deprecated -W ignore:easy_install command is deprecated setup.py egg_info --egg-base ../../../build/smartbot_py_examples build --build-base /home/nnimpit/ros2_tutorial/build/smartbot_py_examples/build install --record /home/nnimpit/ros2_tutorial/build/smartbot_py_examples/install.log --single-version-externally-managed install_data
