[0.381s] Invoking command in '/home/nnimpit/ros2_tutorial/smartbot_ws/src/smartbot_py_examples': CONDA_PROMPT_MODIFIER=(base) PYTHONPATH=/home/nnimpit/ros2_tutorial/build/smartbot_py_examples/prefix_override:/usr/lib/python3/dist-packages/colcon_core/task/python/colcon_distutils_commands:/home/nnimpit/ros2_tutorial/install/smartbot_py_examples/lib/python3.10/site-packages:${PYTHONPATH} /usr/bin/python3 -W ignore:setup.py install is deprecated -W ignore:easy_install command is deprecated setup.py egg_info --egg-base ../../../build/smartbot_py_examples build --build-base /home/nnimpit/ros2_tutorial/build/smartbot_py_examples/build install --record /home/nnimpit/ros2_tutorial/build/smartbot_py_examples/install.log --single-version-externally-managed install_data
[0.519s] running egg_info
[0.519s] writing ../../../build/smartbot_py_examples/smartbot_py_examples.egg-info/PKG-INFO
[0.519s] writing dependency_links to ../../../build/smartbot_py_examples/smartbot_py_examples.egg-info/dependency_links.txt
[0.519s] writing entry points to ../../../build/smartbot_py_examples/smartbot_py_examples.egg-info/entry_points.txt
[0.519s] writing requirements to ../../../build/smartbot_py_examples/smartbot_py_examples.egg-info/requires.txt
[0.519s] writing top-level names to ../../../build/smartbot_py_examples/smartbot_py_examples.egg-info/top_level.txt
[0.520s] reading manifest file '../../../build/smartbot_py_examples/smartbot_py_examples.egg-info/SOURCES.txt'
[0.521s] writing manifest file '../../../build/smartbot_py_examples/smartbot_py_examples.egg-info/SOURCES.txt'
[0.521s] running build
[0.521s] running build_py
[0.521s] copying smartbot_py_examples/simple_publisher.py -> /home/nnimpit/ros2_tutorial/build/smartbot_py_examples/build/lib/smartbot_py_examples
[0.521s] running install
[0.521s] running install_lib
[0.522s] copying /home/nnimpit/ros2_tutorial/build/smartbot_py_examples/build/lib/smartbot_py_examples/simple_publisher.py -> /home/nnimpit/ros2_tutorial/install/smartbot_py_examples/lib/python3.10/site-packages/smartbot_py_examples
[0.522s] byte-compiling /home/nnimpit/ros2_tutorial/install/smartbot_py_examples/lib/python3.10/site-packages/smartbot_py_examples/simple_publisher.py to simple_publisher.cpython-310.pyc
[0.522s] running install_data
[0.522s] copying package.xml -> /home/nnimpit/ros2_tutorial/install/smartbot_py_examples/share/smartbot_py_examples
[0.522s] running install_egg_info
[0.524s] removing '/home/nnimpit/ros2_tutorial/install/smartbot_py_examples/lib/python3.10/site-packages/smartbot_py_examples-0.0.0-py3.10.egg-info' (and everything under it)
[0.524s] Copying ../../../build/smartbot_py_examples/smartbot_py_examples.egg-info to /home/nnimpit/ros2_tutorial/install/smartbot_py_examples/lib/python3.10/site-packages/smartbot_py_examples-0.0.0-py3.10.egg-info
[0.524s] running install_scripts
[0.538s] Installing simple_publisher script to /home/nnimpit/ros2_tutorial/install/smartbot_py_examples/lib/smartbot_py_examples
[0.539s] Installing simple_subscriber script to /home/nnimpit/ros2_tutorial/install/smartbot_py_examples/lib/smartbot_py_examples
[0.539s] writing list of installed files to '/home/nnimpit/ros2_tutorial/build/smartbot_py_examples/install.log'
[0.558s] Invoked command in '/home/nnimpit/ros2_tutorial/smartbot_ws/src/smartbot_py_examples' returned '0': CONDA_PROMPT_MODIFIER=(base) PYTHONPATH=/home/nnimpit/ros2_tutorial/build/smartbot_py_examples/prefix_override:/usr/lib/python3/dist-packages/colcon_core/task/python/colcon_distutils_commands:/home/nnimpit/ros2_tutorial/install/smartbot_py_examples/lib/python3.10/site-packages:${PYTHONPATH} /usr/bin/python3 -W ignore:setup.py install is deprecated -W ignore:easy_install command is deprecated setup.py egg_info --egg-base ../../../build/smartbot_py_examples build --build-base /home/nnimpit/ros2_tutorial/build/smartbot_py_examples/build install --record /home/nnimpit/ros2_tutorial/build/smartbot_py_examples/install.log --single-version-externally-managed install_data
