[0.540s] Invoking command in '/home/nnimpit/ros2_tutorial/smartbot_ws/src/smartbot_py_examples': CONDA_PROMPT_MODIFIER=(base) PYTHONPATH=/home/nnimpit/ros2_tutorial/smartbot_ws/build/smartbot_py_examples/prefix_override:/usr/lib/python3/dist-packages/colcon_core/task/python/colcon_distutils_commands:/home/nnimpit/ros2_tutorial/smartbot_ws/install/smartbot_py_examples/lib/python3.10/site-packages:${PYTHONPATH} /usr/bin/python3 -W ignore:setup.py install is deprecated -W ignore:easy_install command is deprecated setup.py egg_info --egg-base ../../build/smartbot_py_examples build --build-base /home/nnimpit/ros2_tutorial/smartbot_ws/build/smartbot_py_examples/build install --record /home/nnimpit/ros2_tutorial/smartbot_ws/build/smartbot_py_examples/install.log --single-version-externally-managed install_data
[0.690s] running egg_info
[0.690s] creating ../../build/smartbot_py_examples/smartbot_py_examples.egg-info
[0.690s] writing ../../build/smartbot_py_examples/smartbot_py_examples.egg-info/PKG-INFO
[0.690s] writing dependency_links to ../../build/smartbot_py_examples/smartbot_py_examples.egg-info/dependency_links.txt
[0.690s] writing entry points to ../../build/smartbot_py_examples/smartbot_py_examples.egg-info/entry_points.txt
[0.690s] writing requirements to ../../build/smartbot_py_examples/smartbot_py_examples.egg-info/requires.txt
[0.690s] writing top-level names to ../../build/smartbot_py_examples/smartbot_py_examples.egg-info/top_level.txt
[0.691s] writing manifest file '../../build/smartbot_py_examples/smartbot_py_examples.egg-info/SOURCES.txt'
[0.691s] reading manifest file '../../build/smartbot_py_examples/smartbot_py_examples.egg-info/SOURCES.txt'
[0.692s] writing manifest file '../../build/smartbot_py_examples/smartbot_py_examples.egg-info/SOURCES.txt'
[0.692s] running build
[0.692s] running build_py
[0.692s] creating /home/nnimpit/ros2_tutorial/smartbot_ws/build/smartbot_py_examples/build
[0.692s] creating /home/nnimpit/ros2_tutorial/smartbot_ws/build/smartbot_py_examples/build/lib
[0.693s] creating /home/nnimpit/ros2_tutorial/smartbot_ws/build/smartbot_py_examples/build/lib/smartbot_py_examples
[0.693s] copying smartbot_py_examples/__init__.py -> /home/nnimpit/ros2_tutorial/smartbot_ws/build/smartbot_py_examples/build/lib/smartbot_py_examples
[0.693s] running install
[0.693s] running install_lib
[0.693s] creating /home/nnimpit/ros2_tutorial/smartbot_ws/install/smartbot_py_examples/lib/python3.10/site-packages/smartbot_py_examples
[0.693s] copying /home/nnimpit/ros2_tutorial/smartbot_ws/build/smartbot_py_examples/build/lib/smartbot_py_examples/__init__.py -> /home/nnimpit/ros2_tutorial/smartbot_ws/install/smartbot_py_examples/lib/python3.10/site-packages/smartbot_py_examples
[0.694s] byte-compiling /home/nnimpit/ros2_tutorial/smartbot_ws/install/smartbot_py_examples/lib/python3.10/site-packages/smartbot_py_examples/__init__.py to __init__.cpython-310.pyc
[0.694s] running install_data
[0.694s] creating /home/nnimpit/ros2_tutorial/smartbot_ws/install/smartbot_py_examples/share/ament_index
[0.694s] creating /home/nnimpit/ros2_tutorial/smartbot_ws/install/smartbot_py_examples/share/ament_index/resource_index
[0.694s] creating /home/nnimpit/ros2_tutorial/smartbot_ws/install/smartbot_py_examples/share/ament_index/resource_index/packages
[0.694s] copying resource/smartbot_py_examples -> /home/nnimpit/ros2_tutorial/smartbot_ws/install/smartbot_py_examples/share/ament_index/resource_index/packages
[0.694s] copying package.xml -> /home/nnimpit/ros2_tutorial/smartbot_ws/install/smartbot_py_examples/share/smartbot_py_examples
[0.694s] running install_egg_info
[0.695s] Copying ../../build/smartbot_py_examples/smartbot_py_examples.egg-info to /home/nnimpit/ros2_tutorial/smartbot_ws/install/smartbot_py_examples/lib/python3.10/site-packages/smartbot_py_examples-0.0.0-py3.10.egg-info
[0.696s] running install_scripts
[0.723s] writing list of installed files to '/home/nnimpit/ros2_tutorial/smartbot_ws/build/smartbot_py_examples/install.log'
[0.772s] Invoked command in '/home/nnimpit/ros2_tutorial/smartbot_ws/src/smartbot_py_examples' returned '0': CONDA_PROMPT_MODIFIER=(base) PYTHONPATH=/home/nnimpit/ros2_tutorial/smartbot_ws/build/smartbot_py_examples/prefix_override:/usr/lib/python3/dist-packages/colcon_core/task/python/colcon_distutils_commands:/home/nnimpit/ros2_tutorial/smartbot_ws/install/smartbot_py_examples/lib/python3.10/site-packages:${PYTHONPATH} /usr/bin/python3 -W ignore:setup.py install is deprecated -W ignore:easy_install command is deprecated setup.py egg_info --egg-base ../../build/smartbot_py_examples build --build-base /home/nnimpit/ros2_tutorial/smartbot_ws/build/smartbot_py_examples/build install --record /home/nnimpit/ros2_tutorial/smartbot_ws/build/smartbot_py_examples/install.log --single-version-externally-managed install_data
